EjerClase/FirebaseChatKotlin/app/build/intermediates/manifest_merge_blame_file/debug/manifest-merger-blame-debug-report.txt
1<?xml version="1.0" encoding="utf-8"?>
2<manifest xmlns:android="http://schemas.android.com/apk/res/android"
3    package="com.example.firebasechatkotlin"
4    android:versionCode="1"
5    android:versionName="1.0" >
6
7    <uses-sdk
8        android:minSdkVersion="24"
8-->src\main\AndroidManifest.xml
9        android:targetSdkVersion="29" />
9-->src\main\AndroidManifest.xml
10
11    <uses-permission android:name="android.permission.INTERNET" /> <!-- Although the *SdkVersion is captured in gradle build files, this is required for non gradle builds -->
11-->[com.firebaseui:firebase-ui-database:6.0.2] AndroidManifest.xml:11:5-67
11-->[com.firebaseui:firebase-ui-database:6.0.2] AndroidManifest.xml:11:22-64
12    <!-- <uses-sdk android:minSdkVersion="14"/> -->
13    <uses-permission android:name="android.permission.ACCESS_NETWORK_STATE" />
13-->[com.google.firebase:firebase-database:19.1.0] AndroidManifest.xml:25:5-79
13-->[com.google.firebase:firebase-database:19.1.0] AndroidManifest.xml:25:22-76
14    <uses-permission android:name="android.permission.WAKE_LOCK" /> <!-- Required by older versions of Google Play services to create IID tokens -->
14-->[com.google.android.gms:play-services-measurement-api:17.2.2] AndroidManifest.xml:24:5-68
14-->[com.google.android.gms:play-services-measurement-api:17.2.2] AndroidManifest.xml:24:22-65
15    <uses-permission android:name="com.google.android.c2dm.permission.RECEIVE" />
15-->[com.google.firebase:firebase-iid:20.0.2] AndroidManifest.xml:26:5-82
15-->[com.google.firebase:firebase-iid:20.0.2] AndroidManifest.xml:26:22-79
16    <uses-permission android:name="com.google.android.finsky.permission.BIND_GET_INSTALL_REFERRER_SERVICE" />
16-->[com.google.android.gms:play-services-measurement:17.2.2] AndroidManifest.xml:26:5-110
16-->[com.google.android.gms:play-services-measurement:17.2.2] AndroidManifest.xml:26:22-107
17
18    <application
18-->src\main\AndroidManifest.xml:5:5-19:19
19        android:allowBackup="true"
19-->src\main\AndroidManifest.xml:6:13-39
20        android:appComponentFactory="androidx.core.app.CoreComponentFactory"
20-->[androidx.core:core:1.3.0] AndroidManifest.xml:24:18-86
21        android:debuggable="true"
22        android:extractNativeLibs="false"
23        android:icon="@mipmap/ic_launcher"
23-->src\main\AndroidManifest.xml:7:13-47
24        android:label="@string/app_name"
24-->src\main\AndroidManifest.xml:8:13-45
25        android:roundIcon="@mipmap/ic_launcher_round"
25-->src\main\AndroidManifest.xml:9:13-58
26        android:supportsRtl="true"
26-->src\main\AndroidManifest.xml:10:13-39
27        android:testOnly="true"
28        android:theme="@style/AppTheme" >
28-->src\main\AndroidManifest.xml:11:13-44
29        <activity android:name="com.example.firebasechatkotlin.MainActivity" >
29-->src\main\AndroidManifest.xml:12:9-18:20
29-->src\main\AndroidManifest.xml:12:19-47
30            <intent-filter>
30-->src\main\AndroidManifest.xml:13:13-17:29
31                <action android:name="android.intent.action.MAIN" />
31-->src\main\AndroidManifest.xml:14:17-69
31-->src\main\AndroidManifest.xml:14:25-66
32
33                <category android:name="android.intent.category.LAUNCHER" />
33-->src\main\AndroidManifest.xml:16:17-77
33-->src\main\AndroidManifest.xml:16:27-74
34            </intent-filter>
35        </activity>
36        <activity
36-->[com.google.firebase:firebase-auth:19.0.0] AndroidManifest.xml:24:9-31:50
37            android:name="com.google.firebase.auth.internal.FederatedSignInActivity"
37-->[com.google.firebase:firebase-auth:19.0.0] AndroidManifest.xml:25:13-85
38            android:excludeFromRecents="true"
38-->[com.google.firebase:firebase-auth:19.0.0] AndroidManifest.xml:26:13-46
39            android:exported="true"
39-->[com.google.firebase:firebase-auth:19.0.0] AndroidManifest.xml:27:13-36
40            android:launchMode="singleTask"
40-->[com.google.firebase:firebase-auth:19.0.0] AndroidManifest.xml:28:13-44
41            android:permission="com.google.firebase.auth.api.gms.permission.LAUNCH_FEDERATED_SIGN_IN"
41-->[com.google.firebase:firebase-auth:19.0.0] AndroidManifest.xml:29:13-102
42            android:theme="@android:style/Theme.Translucent.NoTitleBar" />
42-->[com.google.firebase:firebase-auth:19.0.0] AndroidManifest.xml:30:13-72
43
44        <service
44-->[com.google.firebase:firebase-auth:19.0.0] AndroidManifest.xml:33:9-39:19
45            android:name="com.google.firebase.components.ComponentDiscoveryService"
45-->[com.google.firebase:firebase-auth:19.0.0] AndroidManifest.xml:34:13-84
46            android:directBootAware="true"
46-->[com.google.firebase:firebase-common:19.3.0] AndroidManifest.xml:34:13-43
47            android:exported="false" >
47-->[com.google.firebase:firebase-auth:19.0.0] AndroidManifest.xml:35:13-37
48            <meta-data
48-->[com.google.firebase:firebase-auth:19.0.0] AndroidManifest.xml:36:13-38:85
49                android:name="com.google.firebase.components:com.google.firebase.auth.FirebaseAuthRegistrar"
49-->[com.google.firebase:firebase-auth:19.0.0] AndroidManifest.xml:37:17-109
50                android:value="com.google.firebase.components.ComponentRegistrar" />
50-->[com.google.firebase:firebase-auth:19.0.0] AndroidManifest.xml:38:17-82
51            <meta-data
51-->[com.google.firebase:firebase-database:19.1.0] AndroidManifest.xml:32:13-34:85
52                android:name="com.google.firebase.components:com.google.firebase.database.DatabaseRegistrar"
52-->[com.google.firebase:firebase-database:19.1.0] AndroidManifest.xml:33:17-109
53                android:value="com.google.firebase.components.ComponentRegistrar" />
53-->[com.google.firebase:firebase-database:19.1.0] AndroidManifest.xml:34:17-82
54            <meta-data
54-->[com.google.android.gms:play-services-measurement-api:17.2.2] AndroidManifest.xml:30:13-32:85
55                android:name="com.google.firebase.components:com.google.firebase.analytics.connector.internal.AnalyticsConnectorRegistrar"
55-->[com.google.android.gms:play-services-measurement-api:17.2.2] AndroidManifest.xml:31:17-139
56                android:value="com.google.firebase.components.ComponentRegistrar" />
56-->[com.google.android.gms:play-services-measurement-api:17.2.2] AndroidManifest.xml:32:17-82
57            <meta-data
57-->[com.google.firebase:firebase-iid:20.0.2] AndroidManifest.xml:32:13-34:85
58                android:name="com.google.firebase.components:com.google.firebase.iid.Registrar"
58-->[com.google.firebase:firebase-iid:20.0.2] AndroidManifest.xml:33:17-96
59                android:value="com.google.firebase.components.ComponentRegistrar" />
59-->[com.google.firebase:firebase-iid:20.0.2] AndroidManifest.xml:34:17-82
60        </service>
61
62        <receiver
62-->[com.google.firebase:firebase-iid:20.0.2] AndroidManifest.xml:37:9-44:20
63            android:name="com.google.firebase.iid.FirebaseInstanceIdReceiver"
63-->[com.google.firebase:firebase-iid:20.0.2] AndroidManifest.xml:38:13-78
64            android:exported="true"
64-->[com.google.firebase:firebase-iid:20.0.2] AndroidManifest.xml:39:13-36
65            android:permission="com.google.android.c2dm.permission.SEND" >
65-->[com.google.firebase:firebase-iid:20.0.2] AndroidManifest.xml:40:13-73
66            <intent-filter>
66-->[com.google.firebase:firebase-iid:20.0.2] AndroidManifest.xml:41:13-43:29
67                <action android:name="com.google.android.c2dm.intent.RECEIVE" />
67-->[com.google.firebase:firebase-iid:20.0.2] AndroidManifest.xml:42:17-81
67-->[com.google.firebase:firebase-iid:20.0.2] AndroidManifest.xml:42:25-78
68            </intent-filter>
69        </receiver>
70
71        <activity
71-->[com.google.android.gms:play-services-base:17.1.0] AndroidManifest.xml:23:9-26:75
72            android:name="com.google.android.gms.common.api.GoogleApiActivity"
72-->[com.google.android.gms:play-services-base:17.1.0] AndroidManifest.xml:24:13-79
73            android:exported="false"
73-->[com.google.android.gms:play-services-base:17.1.0] AndroidManifest.xml:25:13-37
74            android:theme="@android:style/Theme.Translucent.NoTitleBar" />
74-->[com.google.android.gms:play-services-base:17.1.0] AndroidManifest.xml:26:13-72
75
76        <receiver
76-->[com.google.android.gms:play-services-measurement:17.2.2] AndroidManifest.xml:29:9-33:20
77            android:name="com.google.android.gms.measurement.AppMeasurementReceiver"
77-->[com.google.android.gms:play-services-measurement:17.2.2] AndroidManifest.xml:30:13-85
78            android:enabled="true"
78-->[com.google.android.gms:play-services-measurement:17.2.2] AndroidManifest.xml:31:13-35
79            android:exported="false" >
79-->[com.google.android.gms:play-services-measurement:17.2.2] AndroidManifest.xml:32:13-37
80        </receiver>
81        <receiver
81-->[com.google.android.gms:play-services-measurement:17.2.2] AndroidManifest.xml:34:9-42:20
82            android:name="com.google.android.gms.measurement.AppMeasurementInstallReferrerReceiver"
82-->[com.google.android.gms:play-services-measurement:17.2.2] AndroidManifest.xml:35:13-100
83            android:enabled="true"
83-->[com.google.android.gms:play-services-measurement:17.2.2] AndroidManifest.xml:36:13-35
84            android:exported="true"
84-->[com.google.android.gms:play-services-measurement:17.2.2] AndroidManifest.xml:37:13-36
85            android:permission="android.permission.INSTALL_PACKAGES" >
85-->[com.google.android.gms:play-services-measurement:17.2.2] AndroidManifest.xml:38:13-69
86            <intent-filter>
86-->[com.google.android.gms:play-services-measurement:17.2.2] AndroidManifest.xml:39:13-41:29
87                <action android:name="com.android.vending.INSTALL_REFERRER" />
87-->[com.google.android.gms:play-services-measurement:17.2.2] AndroidManifest.xml:40:17-79
87-->[com.google.android.gms:play-services-measurement:17.2.2] AndroidManifest.xml:40:25-76
88            </intent-filter>
89        </receiver>
90
91        <service
91-->[com.google.android.gms:play-services-measurement:17.2.2] AndroidManifest.xml:44:9-47:40
92            android:name="com.google.android.gms.measurement.AppMeasurementService"
92-->[com.google.android.gms:play-services-measurement:17.2.2] AndroidManifest.xml:45:13-84
93            android:enabled="true"
93-->[com.google.android.gms:play-services-measurement:17.2.2] AndroidManifest.xml:46:13-35
94            android:exported="false" />
94-->[com.google.android.gms:play-services-measurement:17.2.2] AndroidManifest.xml:47:13-37
95        <service
95-->[com.google.android.gms:play-services-measurement:17.2.2] AndroidManifest.xml:48:9-52:72
96            android:name="com.google.android.gms.measurement.AppMeasurementJobService"
96-->[com.google.android.gms:play-services-measurement:17.2.2] AndroidManifest.xml:49:13-87
97            android:enabled="true"
97-->[com.google.android.gms:play-services-measurement:17.2.2] AndroidManifest.xml:50:13-35
98            android:exported="false"
98-->[com.google.android.gms:play-services-measurement:17.2.2] AndroidManifest.xml:51:13-37
99            android:permission="android.permission.BIND_JOB_SERVICE" />
99-->[com.google.android.gms:play-services-measurement:17.2.2] AndroidManifest.xml:52:13-69
100
101        <provider
101-->[com.google.firebase:firebase-common:19.3.0] AndroidManifest.xml:26:9-30:39
102            android:name="com.google.firebase.provider.FirebaseInitProvider"
102-->[com.google.firebase:firebase-common:19.3.0] AndroidManifest.xml:27:13-77
103            android:authorities="com.example.firebasechatkotlin.firebaseinitprovider"
103-->[com.google.firebase:firebase-common:19.3.0] AndroidManifest.xml:28:13-72
104            android:exported="false"
104-->[com.google.firebase:firebase-common:19.3.0] AndroidManifest.xml:29:13-37
105            android:initOrder="100" />
105-->[com.google.firebase:firebase-common:19.3.0] AndroidManifest.xml:30:13-36
106
107        <meta-data
107-->[com.google.android.gms:play-services-basement:17.0.0] AndroidManifest.xml:23:9-25:69
108            android:name="com.google.android.gms.version"
108-->[com.google.android.gms:play-services-basement:17.0.0] AndroidManifest.xml:24:13-58
109            android:value="@integer/google_play_services_version" />
109-->[com.google.android.gms:play-services-basement:17.0.0] AndroidManifest.xml:25:13-66
110    </application>
111
112</manifest>